<?xml version="1.0" encoding="UTF-8"?>
<!-- Generated by org.testng.reporters.JUnitXMLReporter -->
<testsuite ignored="0" hostname="FAI-LAP-17" failures="0" tests="4" name="Default test" time="23.346" errors="0" timestamp="2025-11-05T21:40:19 IST">
  <testcase classname="testNG.TestngDemo" name="testcase4" time="2.229"/>
  <testcase classname="testNG.TestngDemo" name="testcase2" time="2.135"/>
  <testcase classname="testNG.TestngDemo" name="testcase3" time="2.192"/>
  <testcase classname="testNG.TestngDemo" name="testcase1" time="2.185"/>
</testsuite> <!-- Default test -->
