<?xml version="1.0" encoding="UTF-8"?>
<testng-results ignored="0" total="4" passed="4" failed="0" skipped="0">
  <reporter-output>
  </reporter-output>
  <suite started-at="2025-11-05T21:39:56 IST" name="Default suite" finished-at="2025-11-05T21:40:19 IST" duration-ms="23346">
    <groups>
    </groups>
    <test started-at="2025-11-05T21:39:56 IST" name="Default test" finished-at="2025-11-05T21:40:19 IST" duration-ms="23346">
      <class name="testNG.TestngDemo">
        <test-method is-config="true" signature="browserOpen()[pri:0, instance:testNG.TestngDemo@6d4d66d2]" started-at="2025-11-05T21:39:56 IST" name="browserOpen" finished-at="2025-11-05T21:39:59 IST" duration-ms="3864" status="PASS">
          <reporter-output>
          </reporter-output>
        </test-method> <!-- browserOpen -->
        <test-method signature="testcase4()[pri:1, instance:testNG.TestngDemo@6d4d66d2]" started-at="2025-11-05T21:39:59 IST" name="testcase4" finished-at="2025-11-05T21:40:02 IST" duration-ms="2229" status="PASS">
          <reporter-output>
          </reporter-output>
        </test-method> <!-- testcase4 -->
        <test-method is-config="true" signature="browserClose()[pri:0, instance:testNG.TestngDemo@6d4d66d2]" started-at="2025-11-05T21:40:02 IST" name="browserClose" finished-at="2025-11-05T21:40:02 IST" duration-ms="235" status="PASS">
          <reporter-output>
          </reporter-output>
        </test-method> <!-- browserClose -->
        <test-method is-config="true" signature="browserOpen()[pri:0, instance:testNG.TestngDemo@6d4d66d2]" started-at="2025-11-05T21:40:02 IST" name="browserOpen" finished-at="2025-11-05T21:40:05 IST" duration-ms="3206" status="PASS">
          <reporter-output>
          </reporter-output>
        </test-method> <!-- browserOpen -->
        <test-method signature="testcase2()[pri:2, instance:testNG.TestngDemo@6d4d66d2]" started-at="2025-11-05T21:40:05 IST" name="testcase2" finished-at="2025-11-05T21:40:07 IST" duration-ms="2135" status="PASS">
          <reporter-output>
          </reporter-output>
        </test-method> <!-- testcase2 -->
        <test-method is-config="true" signature="browserClose()[pri:0, instance:testNG.TestngDemo@6d4d66d2]" started-at="2025-11-05T21:40:07 IST" name="browserClose" finished-at="2025-11-05T21:40:08 IST" duration-ms="219" status="PASS">
          <reporter-output>
          </reporter-output>
        </test-method> <!-- browserClose -->
        <test-method is-config="true" signature="browserOpen()[pri:0, instance:testNG.TestngDemo@6d4d66d2]" started-at="2025-11-05T21:40:08 IST" name="browserOpen" finished-at="2025-11-05T21:40:11 IST" duration-ms="3011" status="PASS">
          <reporter-output>
          </reporter-output>
        </test-method> <!-- browserOpen -->
        <test-method signature="testcase3()[pri:3, instance:testNG.TestngDemo@6d4d66d2]" started-at="2025-11-05T21:40:11 IST" name="testcase3" finished-at="2025-11-05T21:40:13 IST" duration-ms="2192" status="PASS">
          <reporter-output>
          </reporter-output>
        </test-method> <!-- testcase3 -->
        <test-method is-config="true" signature="browserClose()[pri:0, instance:testNG.TestngDemo@6d4d66d2]" started-at="2025-11-05T21:40:13 IST" name="browserClose" finished-at="2025-11-05T21:40:13 IST" duration-ms="193" status="PASS">
          <reporter-output>
          </reporter-output>
        </test-method> <!-- browserClose -->
        <test-method is-config="true" signature="browserOpen()[pri:0, instance:testNG.TestngDemo@6d4d66d2]" started-at="2025-11-05T21:40:13 IST" name="browserOpen" finished-at="2025-11-05T21:40:17 IST" duration-ms="3606" status="PASS">
          <reporter-output>
          </reporter-output>
        </test-method> <!-- browserOpen -->
        <test-method signature="testcase1()[pri:4, instance:testNG.TestngDemo@6d4d66d2]" started-at="2025-11-05T21:40:17 IST" name="testcase1" finished-at="2025-11-05T21:40:19 IST" duration-ms="2185" status="PASS">
          <reporter-output>
          </reporter-output>
        </test-method> <!-- testcase1 -->
        <test-method is-config="true" signature="browserClose()[pri:0, instance:testNG.TestngDemo@6d4d66d2]" started-at="2025-11-05T21:40:19 IST" name="browserClose" finished-at="2025-11-05T21:40:19 IST" duration-ms="230" status="PASS">
          <reporter-output>
          </reporter-output>
        </test-method> <!-- browserClose -->
      </class> <!-- testNG.TestngDemo -->
    </test> <!-- Default test -->
  </suite> <!-- Default suite -->
</testng-results>
