<?xml version="1.0" encoding="UTF-8"?>
<!-- Generated by org.testng.reporters.JUnitReportReporter -->
<testsuite hostname="FAI-LAP-17" failures="0" tests="4" name="testNG.TestngDemo" time="23.305" errors="0" timestamp="2025-11-05T21:40:19 IST" skipped="0">
  <testcase classname="testNG.TestngDemo" name="testcase4" time="6.286"/>
  <testcase classname="testNG.TestngDemo" name="testcase2" time="5.971"/>
  <testcase classname="testNG.TestngDemo" name="testcase3" time="5.422"/>
  <testcase classname="testNG.TestngDemo" name="testcase1" time="5.626"/>
</testsuite> <!-- testNG.TestngDemo -->
